[   29076ms] [VERBOSE] [DOM] Password field is not contained in a form: (More info: https://goo.gl/9p2vKq) %o @ https://hellixjump.site/#painel:0
[   29076ms] [VERBOSE] [DOM] Password field is not contained in a form: (More info: https://goo.gl/9p2vKq) %o @ https://hellixjump.site/#painel:0
[   29076ms] [VERBOSE] [DOM] Password field is not contained in a form: (More info: https://goo.gl/9p2vKq) %o @ https://hellixjump.site/#painel:0
[  143959ms] [VERBOSE] [DOM] Password field is not contained in a form: (More info: https://goo.gl/9p2vKq) %o @ https://hellixjump.site/#painel:0
[  143959ms] [VERBOSE] [DOM] Password field is not contained in a form: (More info: https://goo.gl/9p2vKq) %o @ https://hellixjump.site/#painel:0
[  143960ms] [VERBOSE] [DOM] Password field is not contained in a form: (More info: https://goo.gl/9p2vKq) %o @ https://hellixjump.site/#painel:0
[  143960ms] [VERBOSE] [DOM] Password field is not contained in a form: (More info: https://goo.gl/9p2vKq) %o @ https://hellixjump.site/#painel:0
[  143960ms] [VERBOSE] [DOM] Password field is not contained in a form: (More info: https://goo.gl/9p2vKq) %o @ https://hellixjump.site/#painel:0
[  143960ms] [VERBOSE] [DOM] Password field is not contained in a form: (More info: https://goo.gl/9p2vKq) %o @ https://hellixjump.site/#painel:0
[  143960ms] [VERBOSE] [DOM] Password field is not contained in a form: (More info: https://goo.gl/9p2vKq) %o @ https://hellixjump.site/#painel:0
[  163992ms] [VERBOSE] [DOM] Password field is not contained in a form: (More info: https://goo.gl/9p2vKq) %o @ https://hellixjump.site/ctrl-sp:0
[  170483ms] [ERROR] Failed to load resource: the server responded with a status of 401 () @ https://hellixjump.site/api/_c/auth:0
[  183682ms] [ERROR] Failed to load resource: the server responded with a status of 401 () @ https://hellixjump.site/api/_c/auth:0
[  184768ms] [ERROR] Failed to load resource: the server responded with a status of 401 () @ https://hellixjump.site/api/_c/auth:0
[  187130ms] [ERROR] Failed to load resource: the server responded with a status of 401 () @ https://hellixjump.site/api/_c/auth:0
[  188398ms] [ERROR] Failed to load resource: the server responded with a status of 401 () @ https://hellixjump.site/api/_c/auth:0
[  238844ms] [ERROR] Failed to load resource: the server responded with a status of 401 () @ https://hellixjump.site/api/_c/auth:0
[  537178ms] [VERBOSE] [DOM] Password field is not contained in a form: (More info: https://goo.gl/9p2vKq) %o @ https://hellixjump.site/ctrl-sp:0
[  576072ms] Unexpected token '}'
[  578214ms] [VERBOSE] [DOM] Password field is not contained in a form: (More info: https://goo.gl/9p2vKq) %o @ https://hellixjump.site/#painel:0
[  578214ms] [VERBOSE] [DOM] Password field is not contained in a form: (More info: https://goo.gl/9p2vKq) %o @ https://hellixjump.site/#painel:0
[  578214ms] [VERBOSE] [DOM] Password field is not contained in a form: (More info: https://goo.gl/9p2vKq) %o @ https://hellixjump.site/#painel:0
[  578214ms] [VERBOSE] [DOM] Password field is not contained in a form: (More info: https://goo.gl/9p2vKq) %o @ https://hellixjump.site/#painel:0
[  578214ms] [VERBOSE] [DOM] Password field is not contained in a form: (More info: https://goo.gl/9p2vKq) %o @ https://hellixjump.site/#painel:0
[  578214ms] [VERBOSE] [DOM] Password field is not contained in a form: (More info: https://goo.gl/9p2vKq) %o @ https://hellixjump.site/#painel:0
[  578214ms] [VERBOSE] [DOM] Password field is not contained in a form: (More info: https://goo.gl/9p2vKq) %o @ https://hellixjump.site/#painel:0
